{"meta": {"format": 3, "version": "7.13.5", "timestamp": "2026-04-03T10:07:25.155007", "branch_coverage": false, "show_contexts": false}, "files": {"core/__init__.py": {"executed_lines": [], "summary": {"covered_lines": 0, "num_statements": 0, "percent_covered": 100.0, "percent_covered_display": "100", "missing_lines": 0, "excluded_lines": 0, "percent_statements_covered": 100.0, "percent_statements_covered_display": "100"}, "missing_lines": [], "excluded_lines": [], "functions": {"": {"executed_lines": [], "summary": {"covered_lines": 0, "num_statements": 0, "percent_covered": 100.0, "percent_covered_display": "100", "missing_lines": 0, "excluded_lines": 0, "percent_statements_covered": 100.0, "percent_statements_covered_display": "100"}, "missing_lines": [], "excluded_lines": [], "start_line": 1}}, "classes": {"": {"executed_lines": [], "summary": {"covered_lines": 0, "num_statements": 0, "percent_covered": 100.0, "percent_covered_display": "100", "missing_lines": 0, "excluded_lines": 0, "percent_statements_covered": 100.0, "percent_statements_covered_display": "100"}, "missing_lines": [], "excluded_lines": [], "start_line": 1}}}, "core/analytics/__init__.py": {"executed_lines": [], "summary": {"covered_lines": 0, "num_statements": 0, "percent_covered": 100.0, "percent_covered_display": "100", "missing_lines": 0, "excluded_lines": 0, "percent_statements_covered": 100.0, "percent_statements_covered_display": "100"}, "missing_lines": [], "excluded_lines": [], "functions": {"": {"executed_lines": [], "summary": {"covered_lines": 0, "num_statements": 0, "percent_covered": 100.0, "percent_covered_display": "100", "missing_lines": 0, "excluded_lines": 0, "percent_statements_covered": 100.0, "percent_statements_covered_display": "100"}, "missing_lines": [], "excluded_lines": [], "start_line": 1}}, "classes": {"": {"executed_lines": [], "summary": {"covered_lines": 0, "num_statements": 0, "percent_covered": 100.0, "percent_covered_display": "100", "missing_lines": 0, "excluded_lines": 0, "percent_statements_covered": 100.0, "percent_statements_covered_display": "100"}, "missing_lines": [], "excluded_lines": [], "start_line": 1}}}, "core/analytics/base.py": {"executed_lines": [18, 20, 21, 23, 24, 27, 31, 33, 48, 49, 50, 51, 54, 60, 67, 68, 75, 76, 83, 84, 101, 102, 103, 107, 109, 110, 112, 114, 116, 122, 129, 130, 131, 133, 135, 137, 139, 140, 141, 142, 144], "summary": {"covered_lines": 41, "num_statements": 45, "percent_covered": 91.11111111111111, "percent_covered_display": "91", "missing_lines": 4, "excluded_lines": 0, "percent_statements_covered": 91.11111111111111, "percent_statements_covered_display": "91"}, "missing_lines": [55, 56, 61, 143], "excluded_lines": [], "functions": {"AnalysisBase.__init__": {"executed_lines": [48, 49, 50, 51, 54, 60], "summary": {"covered_lines": 6, "num_statements": 9, "percent_covered": 66.66666666666667, "percent_covered_display": "67", "missing_lines": 3, "excluded_lines": 0, "percent_statements_covered": 66.66666666666667, "percent_statements_covered_display": "67"}, "missing_lines": [55, 56, 61], "excluded_lines": [], "start_line": 33}, "AnalysisBase.compute": {"executed_lines": [], "summary": {"covered_lines": 0, "num_statements": 0, "percent_covered": 100.0, "percent_covered_display": "100", "missing_lines": 0, "excluded_lines": 0, "percent_statements_covered": 100.0, "percent_statements_covered_display": "100"}, "missing_lines": [], "excluded_lines": [], "start_line": 68}, "AnalysisBase.plot": {"executed_lines": [], "summary": {"covered_lines": 0, "num_statements": 0, "percent_covered": 100.0, "percent_covered_display": "100", "missing_lines": 0, "excluded_lines": 0, "percent_statements_covered": 100.0, "percent_statements_covered_display": "100"}, "missing_lines": [], "excluded_lines": [], "start_line": 76}, "AnalysisBase.to_dict": {"executed_lines": [], "summary": {"covered_lines": 0, "num_statements": 0, "percent_covered": 100.0, "percent_covered_display": "100", "missing_lines": 0, "excluded_lines": 0, "percent_statements_covered": 100.0, "percent_statements_covered_display": "100"}, "missing_lines": [], "excluded_lines": [], "start_line": 84}, "AnalysisBase._require_computed": {"executed_lines": [102, 103, 107], "summary": {"covered_lines": 3, "num_statements": 3, "percent_covered": 100.0, "percent_covered_display": "100", "missing_lines": 0, "excluded_lines": 0, "percent_statements_covered": 100.0, "percent_statements_covered_display": "100"}, "missing_lines": [], "excluded_lines": [], "start_line": 101}, "AnalysisBase.cohorts": {"executed_lines": [112], "summary": {"covered_lines": 1, "num_statements": 1, "percent_covered": 100.0, "percent_covered_display": "100", "missing_lines": 0, "excluded_lines": 0, "percent_statements_covered": 100.0, "percent_statements_covered_display": "100"}, "missing_lines": [], "excluded_lines": [], "start_line": 110}, "AnalysisBase.cohort_sizes": {"executed_lines": [116], "summary": {"covered_lines": 1, "num_statements": 1, "percent_covered": 100.0, "percent_covered_display": "100", "missing_lines": 0, "excluded_lines": 0, "percent_statements_covered": 100.0, "percent_statements_covered_display": "100"}, "missing_lines": [], "excluded_lines": [], "start_line": 114}, "AnalysisBase.head": {"executed_lines": [129, 130, 131], "summary": {"covered_lines": 3, "num_statements": 3, "percent_covered": 100.0, "percent_covered_display": "100", "missing_lines": 0, "excluded_lines": 0, "percent_statements_covered": 100.0, "percent_statements_covered_display": "100"}, "missing_lines": [], "excluded_lines": [], "start_line": 122}, "AnalysisBase.tabulate": {"executed_lines": [135], "summary": {"covered_lines": 1, "num_statements": 1, "percent_covered": 100.0, "percent_covered_display": "100", "missing_lines": 0, "excluded_lines": 0, "percent_statements_covered": 100.0, "percent_statements_covered_display": "100"}, "missing_lines": [], "excluded_lines": [], "start_line": 133}, "AnalysisBase._count_col": {"executed_lines": [139, 140, 141, 142, 144], "summary": {"covered_lines": 5, "num_statements": 6, "percent_covered": 83.33333333333333, "percent_covered_display": "83", "missing_lines": 1, "excluded_lines": 0, "percent_statements_covered": 83.33333333333333, "percent_statements_covered_display": "83"}, "missing_lines": [143], "excluded_lines": [], "start_line": 137}, "": {"executed_lines": [18, 20, 21, 23, 24, 27, 31, 33, 67, 68, 75, 76, 83, 84, 101, 109, 110, 114, 122, 133, 137], "summary": {"covered_lines": 21, "num_statements": 21, "percent_covered": 100.0, "percent_covered_display": "100", "missing_lines": 0, "excluded_lines": 0, "percent_statements_covered": 100.0, "percent_statements_covered_display": "100"}, "missing_lines": [], "excluded_lines": [], "start_line": 1}}, "classes": {"AnalysisBase": {"executed_lines": [48, 49, 50, 51, 54, 60, 102, 103, 107, 112, 116, 129, 130, 131, 135, 139, 140, 141, 142, 144], "summary": {"covered_lines": 20, "num_statements": 24, "percent_covered": 83.33333333333333, "percent_covered_display": "83", "missing_lines": 4, "excluded_lines": 0, "percent_statements_covered": 83.33333333333333, "percent_statements_covered_display": "83"}, "missing_lines": [55, 56, 61, 143], "excluded_lines": [], "start_line": 27}, "": {"executed_lines": [18, 20, 21, 23, 24, 27, 31, 33, 67, 68, 75, 76, 83, 84, 101, 109, 110, 114, 122, 133, 137], "summary": {"covered_lines": 21, "num_statements": 21, "percent_covered": 100.0, "percent_covered_display": "100", "missing_lines": 0, "excluded_lines": 0, "percent_statements_covered": 100.0, "percent_statements_covered_display": "100"}, "missing_lines": [], "excluded_lines": [], "start_line": 1}}}, "core/analytics/categorical_ratios.py": {"executed_lines": [], "summary": {"covered_lines": 0, "num_statements": 53, "percent_covered": 0.0, "percent_covered_display": "0", "missing_lines": 53, "excluded_lines": 0, "percent_statements_covered": 0.0, "percent_statements_covered_display": "0"}, "missing_lines": [10, 12, 14, 15, 16, 18, 21, 31, 33, 40, 41, 42, 44, 45, 46, 49, 56, 58, 59, 63, 64, 65, 67, 69, 70, 72, 73, 74, 75, 76, 77, 78, 80, 81, 83, 86, 88, 90, 92, 93, 94, 100, 101, 102, 104, 112, 114, 115, 116, 118, 119, 120, 121], "excluded_lines": [], "functions": {"CategoricalRatios.__init__": {"executed_lines": [], "summary": {"covered_lines": 0, "num_statements": 3, "percent_covered": 0.0, "percent_covered_display": "0", "missing_lines": 3, "excluded_lines": 0, "percent_statements_covered": 0.0, "percent_statements_covered_display": "0"}, "missing_lines": [40, 41, 42], "excluded_lines": [], "start_line": 33}, "CategoricalRatios.compute": {"executed_lines": [], "summary": {"covered_lines": 0, "num_statements": 23, "percent_covered": 0.0, "percent_covered_display": "0", "missing_lines": 23, "excluded_lines": 0, "percent_statements_covered": 0.0, "percent_statements_covered_display": "0"}, "missing_lines": [45, 46, 49, 56, 58, 59, 63, 64, 65, 67, 69, 70, 72, 73, 74, 75, 76, 77, 78, 80, 81, 83, 86], "excluded_lines": [], "start_line": 44}, "CategoricalRatios.plot": {"executed_lines": [], "summary": {"covered_lines": 0, "num_statements": 9, "percent_covered": 0.0, "percent_covered_display": "0", "missing_lines": 9, "excluded_lines": 0, "percent_statements_covered": 0.0, "percent_statements_covered_display": "0"}, "missing_lines": [90, 92, 93, 94, 100, 101, 102, 104, 112], "excluded_lines": [], "start_line": 88}, "CategoricalRatios.to_dict": {"executed_lines": [], "summary": {"covered_lines": 0, "num_statements": 6, "percent_covered": 0.0, "percent_covered_display": "0", "missing_lines": 6, "excluded_lines": 0, "percent_statements_covered": 0.0, "percent_statements_covered_display": "0"}, "missing_lines": [115, 116, 118, 119, 120, 121], "excluded_lines": [], "start_line": 114}, "": {"executed_lines": [], "summary": {"covered_lines": 0, "num_statements": 12, "percent_covered": 0.0, "percent_covered_display": "0", "missing_lines": 12, "excluded_lines": 0, "percent_statements_covered": 0.0, "percent_statements_covered_display": "0"}, "missing_lines": [10, 12, 14, 15, 16, 18, 21, 31, 33, 44, 88, 114], "excluded_lines": [], "start_line": 1}}, "classes": {"CategoricalRatios": {"executed_lines": [], "summary": {"covered_lines": 0, "num_statements": 41, "percent_covered": 0.0, "percent_covered_display": "0", "missing_lines": 41, "excluded_lines": 0, "percent_statements_covered": 0.0, "percent_statements_covered_display": "0"}, "missing_lines": [40, 41, 42, 45, 46, 49, 56, 58, 59, 63, 64, 65, 67, 69, 70, 72, 73, 74, 75, 76, 77, 78, 80, 81, 83, 86, 90, 92, 93, 94, 100, 101, 102, 104, 112, 115, 116, 118, 119, 120, 121], "excluded_lines": [], "start_line": 21}, "": {"executed_lines": [], "summary": {"covered_lines": 0, "num_statements": 12, "percent_covered": 0.0, "percent_covered_display": "0", "missing_lines": 12, "excluded_lines": 0, "percent_statements_covered": 0.0, "percent_statements_covered_display": "0"}, "missing_lines": [10, 12, 14, 15, 16, 18, 21, 31, 33, 44, 88, 114], "excluded_lines": [], "start_line": 1}}}, "core/analytics/cohort_characteristics.py": {"executed_lines": [], "summary": {"covered_lines": 0, "num_statements": 85, "percent_covered": 0.0, "percent_covered_display": "0", "missing_lines": 85, "excluded_lines": 0, "percent_statements_covered": 0.0, "percent_statements_covered_display": "0"}, "missing_lines": [28, 30, 31, 33, 34, 36, 43, 51, 57, 63, 65, 66, 67, 68, 69, 70, 71, 72, 74, 76, 79, 81, 82, 89, 101, 103, 104, 107, 111, 112, 114, 116, 117, 118, 119, 121, 122, 123, 126, 127, 128, 132, 133, 135, 137, 140, 141, 142, 144, 161, 162, 164, 165, 166, 167, 176, 178, 179, 186, 187, 190, 191, 194, 196, 199, 204, 211, 212, 213, 214, 215, 216, 221, 228, 229, 230, 231, 232, 233, 234, 241, 242, 243, 250, 256], "excluded_lines": [], "functions": {"_add_ethnicity_group": {"executed_lines": [], "summary": {"covered_lines": 0, "num_statements": 11, "percent_covered": 0.0, "percent_covered_display": "0", "missing_lines": 11, "excluded_lines": 0, "percent_statements_covered": 0.0, "percent_statements_covered_display": "0"}, "missing_lines": [63, 65, 66, 67, 68, 69, 70, 71, 72, 74, 76], "excluded_lines": [], "start_line": 57}, "_age_years": {"executed_lines": [], "summary": {"covered_lines": 0, "num_statements": 2, "percent_covered": 0.0, "percent_covered_display": "0", "missing_lines": 2, "excluded_lines": 0, "percent_statements_covered": 0.0, "percent_statements_covered_display": "0"}, "missing_lines": [81, 82], "excluded_lines": [], "start_line": 79}, "CohortCharacteristics.compute": {"executed_lines": [], "summary": {"covered_lines": 0, "num_statements": 17, "percent_covered": 0.0, "percent_covered_display": "0", "missing_lines": 17, "excluded_lines": 0, "percent_statements_covered": 0.0, "percent_statements_covered_display": "0"}, "missing_lines": [104, 107, 111, 112, 114, 116, 117, 118, 119, 121, 122, 123, 126, 127, 128, 132, 133], "excluded_lines": [], "start_line": 103}, "CohortCharacteristics.plot": {"executed_lines": [], "summary": {"covered_lines": 0, "num_statements": 7, "percent_covered": 0.0, "percent_covered_display": "0", "missing_lines": 7, "excluded_lines": 0, "percent_statements_covered": 0.0, "percent_statements_covered_display": "0"}, "missing_lines": [137, 140, 141, 142, 144, 161, 162], "excluded_lines": [], "start_line": 135}, "CohortCharacteristics.to_dict": {"executed_lines": [], "summary": {"covered_lines": 0, "num_statements": 3, "percent_covered": 0.0, "percent_covered_display": "0", "missing_lines": 3, "excluded_lines": 0, "percent_statements_covered": 0.0, "percent_statements_covered_display": "0"}, "missing_lines": [165, 166, 167], "excluded_lines": [], "start_line": 164}, "CohortCharacteristics._display_df": {"executed_lines": [], "summary": {"covered_lines": 0, "num_statements": 2, "percent_covered": 0.0, "percent_covered_display": "0", "missing_lines": 2, "excluded_lines": 0, "percent_statements_covered": 0.0, "percent_statements_covered_display": "0"}, "missing_lines": [178, 179], "excluded_lines": [], "start_line": 176}, "_fmt_pct": {"executed_lines": [], "summary": {"covered_lines": 0, "num_statements": 1, "percent_covered": 0.0, "percent_covered_display": "0", "missing_lines": 1, "excluded_lines": 0, "percent_statements_covered": 0.0, "percent_statements_covered_display": "0"}, "missing_lines": [187], "excluded_lines": [], "start_line": 186}, "_fmt_yrs": {"executed_lines": [], "summary": {"covered_lines": 0, "num_statements": 1, "percent_covered": 0.0, "percent_covered_display": "0", "missing_lines": 1, "excluded_lines": 0, "percent_statements_covered": 0.0, "percent_statements_covered_display": "0"}, "missing_lines": [191], "excluded_lines": [], "start_line": 190}, "_summarise_cohort": {"executed_lines": [], "summary": {"covered_lines": 0, "num_statements": 22, "percent_covered": 0.0, "percent_covered_display": "0", "missing_lines": 22, "excluded_lines": 0, "percent_statements_covered": 0.0, "percent_statements_covered_display": "0"}, "missing_lines": [196, 199, 204, 211, 212, 213, 214, 215, 216, 221, 228, 229, 230, 231, 232, 233, 234, 241, 242, 243, 250, 256], "excluded_lines": [], "start_line": 194}, "": {"executed_lines": [], "summary": {"covered_lines": 0, "num_statements": 19, "percent_covered": 0.0, "percent_covered_display": "0", "missing_lines": 19, "excluded_lines": 0, "percent_statements_covered": 0.0, "percent_statements_covered_display": "0"}, "missing_lines": [28, 30, 31, 33, 34, 36, 43, 51, 57, 79, 89, 101, 103, 135, 164, 176, 186, 190, 194], "excluded_lines": [], "start_line": 1}}, "classes": {"CohortCharacteristics": {"executed_lines": [], "summary": {"covered_lines": 0, "num_statements": 29, "percent_covered": 0.0, "percent_covered_display": "0", "missing_lines": 29, "excluded_lines": 0, "percent_statements_covered": 0.0, "percent_statements_covered_display": "0"}, "missing_lines": [104, 107, 111, 112, 114, 116, 117, 118, 119, 121, 122, 123, 126, 127, 128, 132, 133, 137, 140, 141, 142, 144, 161, 162, 165, 166, 167, 178, 179], "excluded_lines": [], "start_line": 89}, "": {"executed_lines": [], "summary": {"covered_lines": 0, "num_statements": 56, "percent_covered": 0.0, "percent_covered_display": "0", "missing_lines": 56, "excluded_lines": 0, "percent_statements_covered": 0.0, "percent_statements_covered_display": "0"}, "missing_lines": [28, 30, 31, 33, 34, 36, 43, 51, 57, 63, 65, 66, 67, 68, 69, 70, 71, 72, 74, 76, 79, 81, 82, 89, 101, 103, 135, 164, 176, 186, 187, 190, 191, 194, 196, 199, 204, 211, 212, 213, 214, 215, 216, 221, 228, 229, 230, 231, 232, 233, 234, 241, 242, 243, 250, 256], "excluded_lines": [], "start_line": 1}}}, "core/analytics/distribution.py": {"executed_lines": [], "summary": {"covered_lines": 0, "num_statements": 142, "percent_covered": 0.0, "percent_covered_display": "0", "missing_lines": 142, "excluded_lines": 0, "percent_statements_covered": 0.0, "percent_statements_covered_display": "0"}, "missing_lines": [24, 26, 28, 29, 30, 31, 32, 34, 37, 44, 59, 60, 62, 63, 65, 68, 69, 70, 71, 76, 77, 84, 91, 94, 96, 97, 98, 99, 100, 101, 102, 103, 110, 111, 112, 113, 114, 117, 130, 131, 132, 133, 134, 135, 140, 141, 143, 146, 147, 148, 149, 150, 152, 153, 156, 161, 162, 163, 164, 165, 166, 167, 174, 191, 193, 206, 207, 208, 209, 210, 211, 212, 213, 214, 215, 216, 218, 219, 222, 223, 225, 226, 227, 228, 231, 232, 233, 236, 239, 240, 241, 242, 244, 247, 253, 254, 255, 256, 257, 263, 266, 268, 269, 270, 272, 274, 276, 277, 278, 279, 281, 282, 284, 289, 290, 291, 292, 294, 295, 296, 298, 299, 300, 301, 302, 305, 306, 307, 322, 334, 335, 336, 337, 338, 340, 341, 342, 343, 344, 346, 347, 348], "excluded_lines": [], "functions": {"_get_event_length": {"executed_lines": [], "summary": {"covered_lines": 0, "num_statements": 13, "percent_covered": 0.0, "percent_covered_display": "0", "missing_lines": 13, "excluded_lines": 0, "percent_statements_covered": 0.0, "percent_statements_covered_display": "0"}, "missing_lines": [59, 60, 62, 63, 65, 68, 69, 70, 71, 76, 77, 84, 91], "excluded_lines": [], "start_line": 44}, "_boot_median_ci": {"executed_lines": [], "summary": {"covered_lines": 0, "num_statements": 13, "percent_covered": 0.0, "percent_covered_display": "0", "missing_lines": 13, "excluded_lines": 0, "percent_statements_covered": 0.0, "percent_statements_covered_display": "0"}, "missing_lines": [96, 97, 98, 99, 100, 101, 102, 103, 110, 111, 112, 113, 114], "excluded_lines": [], "start_line": 94}, "_run_kw_test": {"executed_lines": [], "summary": {"covered_lines": 0, "num_statements": 16, "percent_covered": 0.0, "percent_covered_display": "0", "missing_lines": 16, "excluded_lines": 0, "percent_statements_covered": 0.0, "percent_statements_covered_display": "0"}, "missing_lines": [130, 131, 132, 133, 134, 135, 140, 141, 143, 146, 147, 148, 149, 150, 152, 153], "excluded_lines": [], "start_line": 117}, "_scaled_kde": {"executed_lines": [], "summary": {"covered_lines": 0, "num_statements": 7, "percent_covered": 0.0, "percent_covered_display": "0", "missing_lines": 7, "excluded_lines": 0, "percent_statements_covered": 0.0, "percent_statements_covered_display": "0"}, "missing_lines": [161, 162, 163, 164, 165, 166, 167], "excluded_lines": [], "start_line": 156}, "DistributionPlots.__init__": {"executed_lines": [], "summary": {"covered_lines": 0, "num_statements": 11, "percent_covered": 0.0, "percent_covered_display": "0", "missing_lines": 11, "excluded_lines": 0, "percent_statements_covered": 0.0, "percent_statements_covered_display": "0"}, "missing_lines": [206, 207, 208, 209, 210, 211, 212, 213, 214, 215, 216], "excluded_lines": [], "start_line": 193}, "DistributionPlots.compute": {"executed_lines": [], "summary": {"covered_lines": 0, "num_statements": 27, "percent_covered": 0.0, "percent_covered_display": "0", "missing_lines": 27, "excluded_lines": 0, "percent_statements_covered": 0.0, "percent_statements_covered_display": "0"}, "missing_lines": [219, 222, 223, 225, 226, 227, 228, 231, 232, 233, 236, 239, 240, 241, 242, 244, 247, 253, 254, 255, 256, 257, 263, 266, 268, 269, 270], "excluded_lines": [], "start_line": 218}, "DistributionPlots.plot": {"executed_lines": [], "summary": {"covered_lines": 0, "num_statements": 34, "percent_covered": 0.0, "percent_covered_display": "0", "missing_lines": 34, "excluded_lines": 0, "percent_statements_covered": 0.0, "percent_statements_covered_display": "0"}, "missing_lines": [274, 276, 277, 278, 279, 281, 282, 284, 289, 290, 291, 292, 294, 295, 296, 298, 299, 300, 301, 302, 305, 306, 307, 322, 334, 335, 336, 337, 338, 340, 341, 342, 343, 344], "excluded_lines": [], "start_line": 272}, "DistributionPlots.to_dict": {"executed_lines": [], "summary": {"covered_lines": 0, "num_statements": 2, "percent_covered": 0.0, "percent_covered_display": "0", "missing_lines": 2, "excluded_lines": 0, "percent_statements_covered": 0.0, "percent_statements_covered_display": "0"}, "missing_lines": [347, 348], "excluded_lines": [], "start_line": 346}, "": {"executed_lines": [], "summary": {"covered_lines": 0, "num_statements": 19, "percent_covered": 0.0, "percent_covered_display": "0", "missing_lines": 19, "excluded_lines": 0, "percent_statements_covered": 0.0, "percent_statements_covered_display": "0"}, "missing_lines": [24, 26, 28, 29, 30, 31, 32, 34, 37, 44, 94, 117, 156, 174, 191, 193, 218, 272, 346], "excluded_lines": [], "start_line": 1}}, "classes": {"DistributionPlots": {"executed_lines": [], "summary": {"covered_lines": 0, "num_statements": 74, "percent_covered": 0.0, "percent_covered_display": "0", "missing_lines": 74, "excluded_lines": 0, "percent_statements_covered": 0.0, "percent_statements_covered_display": "0"}, "missing_lines": [206, 207, 208, 209, 210, 211, 212, 213, 214, 215, 216, 219, 222, 223, 225, 226, 227, 228, 231, 232, 233, 236, 239, 240, 241, 242, 244, 247, 253, 254, 255, 256, 257, 263, 266, 268, 269, 270, 274, 276, 277, 278, 279, 281, 282, 284, 289, 290, 291, 292, 294, 295, 296, 298, 299, 300, 301, 302, 305, 306, 307, 322, 334, 335, 336, 337, 338, 340, 341, 342, 343, 344, 347, 348], "excluded_lines": [], "start_line": 174}, "": {"executed_lines": [], "summary": {"covered_lines": 0, "num_statements": 68, "percent_covered": 0.0, "percent_covered_display": "0", "missing_lines": 68, "excluded_lines": 0, "percent_statements_covered": 0.0, "percent_statements_covered_display": "0"}, "missing_lines": [24, 26, 28, 29, 30, 31, 32, 34, 37, 44, 59, 60, 62, 63, 65, 68, 69, 70, 71, 76, 77, 84, 91, 94, 96, 97, 98, 99, 100, 101, 102, 103, 110, 111, 112, 113, 114, 117, 130, 131, 132, 133, 134, 135, 140, 141, 143, 146, 147, 148, 149, 150, 152, 153, 156, 161, 162, 163, 164, 165, 166, 167, 174, 191, 193, 218, 272, 346], "excluded_lines": [], "start_line": 1}}}, "core/analytics/frequency.py": {"executed_lines": [10, 12, 13, 15, 16, 17, 19, 21, 24, 35, 37, 51, 52, 58, 59, 61, 64, 67, 68, 69, 72, 75, 80, 85, 88, 95, 96, 98, 99, 100, 101, 107, 116, 118, 119, 120, 122, 123, 126, 128, 130, 131, 132, 134, 143, 144, 150, 151, 152], "summary": {"covered_lines": 49, "num_statements": 49, "percent_covered": 100.0, "percent_covered_display": "100", "missing_lines": 0, "excluded_lines": 0, "percent_statements_covered": 100.0, "percent_statements_covered_display": "100"}, "missing_lines": [], "excluded_lines": [], "functions": {"FrequencyAnalysis.__init__": {"executed_lines": [51, 52], "summary": {"covered_lines": 2, "num_statements": 2, "percent_covered": 100.0, "percent_covered_display": "100", "missing_lines": 0, "excluded_lines": 0, "percent_statements_covered": 100.0, "percent_statements_covered_display": "100"}, "missing_lines": [], "excluded_lines": [], "start_line": 37}, "FrequencyAnalysis.compute": {"executed_lines": [59, 61, 64, 67, 68, 69, 72, 75, 80, 85, 88, 95, 96, 98, 99, 100, 101], "summary": {"covered_lines": 17, "num_statements": 17, "percent_covered": 100.0, "percent_covered_display": "100", "missing_lines": 0, "excluded_lines": 0, "percent_statements_covered": 100.0, "percent_statements_covered_display": "100"}, "missing_lines": [], "excluded_lines": [], "start_line": 58}, "FrequencyAnalysis.plot": {"executed_lines": [116, 118, 119, 120, 122, 123, 126, 128, 130, 131, 132, 134, 143, 144], "summary": {"covered_lines": 14, "num_statements": 14, "percent_covered": 100.0, "percent_covered_display": "100", "missing_lines": 0, "excluded_lines": 0, "percent_statements_covered": 100.0, "percent_statements_covered_display": "100"}, "missing_lines": [], "excluded_lines": [], "start_line": 107}, "FrequencyAnalysis.to_dict": {"executed_lines": [151, 152], "summary": {"covered_lines": 2, "num_statements": 2, "percent_covered": 100.0, "percent_covered_display": "100", "missing_lines": 0, "excluded_lines": 0, "percent_statements_covered": 100.0, "percent_statements_covered_display": "100"}, "missing_lines": [], "excluded_lines": [], "start_line": 150}, "": {"executed_lines": [10, 12, 13, 15, 16, 17, 19, 21, 24, 35, 37, 58, 107, 150], "summary": {"covered_lines": 14, "num_statements": 14, "percent_covered": 100.0, "percent_covered_display": "100", "missing_lines": 0, "excluded_lines": 0, "percent_statements_covered": 100.0, "percent_statements_covered_display": "100"}, "missing_lines": [], "excluded_lines": [], "start_line": 1}}, "classes": {"FrequencyAnalysis": {"executed_lines": [51, 52, 59, 61, 64, 67, 68, 69, 72, 75, 80, 85, 88, 95, 96, 98, 99, 100, 101, 116, 118, 119, 120, 122, 123, 126, 128, 130, 131, 132, 134, 143, 144, 151, 152], "summary": {"covered_lines": 35, "num_statements": 35, "percent_covered": 100.0, "percent_covered_display": "100", "missing_lines": 0, "excluded_lines": 0, "percent_statements_covered": 100.0, "percent_statements_covered_display": "100"}, "missing_lines": [], "excluded_lines": [], "start_line": 24}, "": {"executed_lines": [10, 12, 13, 15, 16, 17, 19, 21, 24, 35, 37, 58, 107, 150], "summary": {"covered_lines": 14, "num_statements": 14, "percent_covered": 100.0, "percent_covered_display": "100", "missing_lines": 0, "excluded_lines": 0, "percent_statements_covered": 100.0, "percent_statements_covered_display": "100"}, "missing_lines": [], "excluded_lines": [], "start_line": 1}}}, "core/analytics/result_formatting.py": {"executed_lines": [], "summary": {"covered_lines": 0, "num_statements": 29, "percent_covered": 0.0, "percent_covered_display": "0", "missing_lines": 29, "excluded_lines": 0, "percent_statements_covered": 0.0, "percent_statements_covered_display": "0"}, "missing_lines": [23, 25, 27, 30, 49, 50, 52, 53, 55, 56, 58, 59, 61, 63, 64, 66, 69, 88, 91, 92, 93, 98, 103, 106, 111, 112, 113, 114, 115], "excluded_lines": [], "functions": {"head_df_cohort": {"executed_lines": [], "summary": {"covered_lines": 0, "num_statements": 12, "percent_covered": 0.0, "percent_covered_display": "0", "missing_lines": 12, "excluded_lines": 0, "percent_statements_covered": 0.0, "percent_statements_covered_display": "0"}, "missing_lines": [49, 50, 52, 53, 55, 56, 58, 59, 61, 63, 64, 66], "excluded_lines": [], "start_line": 30}, "tabulate_df_cohort": {"executed_lines": [], "summary": {"covered_lines": 0, "num_statements": 6, "percent_covered": 0.0, "percent_covered_display": "0", "missing_lines": 6, "excluded_lines": 0, "percent_statements_covered": 0.0, "percent_statements_covered_display": "0"}, "missing_lines": [88, 91, 92, 93, 98, 103], "excluded_lines": [], "start_line": 69}, "format_percent": {"executed_lines": [], "summary": {"covered_lines": 0, "num_statements": 5, "percent_covered": 0.0, "percent_covered_display": "0", "missing_lines": 5, "excluded_lines": 0, "percent_statements_covered": 0.0, "percent_statements_covered_display": "0"}, "missing_lines": [111, 112, 113, 114, 115], "excluded_lines": [], "start_line": 106}, "": {"executed_lines": [], "summary": {"covered_lines": 0, "num_statements": 6, "percent_covered": 0.0, "percent_covered_display": "0", "missing_lines": 6, "excluded_lines": 0, "percent_statements_covered": 0.0, "percent_statements_covered_display": "0"}, "missing_lines": [23, 25, 27, 30, 69, 106], "excluded_lines": [], "start_line": 1}}, "classes": {"": {"executed_lines": [], "summary": {"covered_lines": 0, "num_statements": 29, "percent_covered": 0.0, "percent_covered_display": "0", "missing_lines": 29, "excluded_lines": 0, "percent_statements_covered": 0.0, "percent_statements_covered_display": "0"}, "missing_lines": [23, 25, 27, 30, 49, 50, 52, 53, 55, 56, 58, 59, 61, 63, 64, 66, 69, 88, 91, 92, 93, 98, 103, 106, 111, 112, 113, 114, 115], "excluded_lines": [], "start_line": 1}}}, "core/cohort/__init__.py": {"executed_lines": [], "summary": {"covered_lines": 0, "num_statements": 0, "percent_covered": 100.0, "percent_covered_display": "100", "missing_lines": 0, "excluded_lines": 0, "percent_statements_covered": 100.0, "percent_statements_covered_display": "100"}, "missing_lines": [], "excluded_lines": [], "functions": {"": {"executed_lines": [], "summary": {"covered_lines": 0, "num_statements": 0, "percent_covered": 100.0, "percent_covered_display": "100", "missing_lines": 0, "excluded_lines": 0, "percent_statements_covered": 100.0, "percent_statements_covered_display": "100"}, "missing_lines": [], "excluded_lines": [], "start_line": 1}}, "classes": {"": {"executed_lines": [], "summary": {"covered_lines": 0, "num_statements": 0, "percent_covered": 100.0, "percent_covered_display": "100", "missing_lines": 0, "excluded_lines": 0, "percent_statements_covered": 100.0, "percent_statements_covered_display": "100"}, "missing_lines": [], "excluded_lines": [], "start_line": 1}}}, "core/cohort/filters.py": {"executed_lines": [10, 12, 13, 14, 15, 17, 19, 26, 33, 46, 48, 49, 51, 52, 55, 56, 57, 59, 60, 62, 63, 64, 68, 69, 71, 74, 77, 82, 83, 84, 86, 88, 89, 90, 92, 94, 96, 97, 100, 113, 115, 117, 118, 119, 121, 122, 123, 125, 126, 128, 131, 138, 139, 140, 141, 143, 144, 145, 166, 182, 183, 185, 189, 192, 193, 195, 196, 197, 198, 205, 206, 207, 208, 209, 210, 211, 214, 215, 217, 218, 223, 226, 228, 231, 232, 233, 234, 235, 241, 243, 246, 252, 276, 302, 331, 332, 335, 342, 343, 344, 345, 347], "summary": {"covered_lines": 102, "num_statements": 174, "percent_covered": 58.62068965517241, "percent_covered_display": "59", "missing_lines": 72, "excluded_lines": 0, "percent_statements_covered": 58.62068965517241, "percent_statements_covered_display": "59"}, "missing_lines": [53, 65, 66, 72, 73, 75, 76, 78, 79, 129, 147, 148, 149, 151, 152, 153, 155, 156, 157, 159, 160, 161, 163, 167, 168, 169, 170, 171, 172, 173, 174, 175, 184, 194, 216, 229, 236, 237, 238, 240, 248, 249, 260, 261, 262, 263, 264, 265, 268, 269, 270, 273, 283, 284, 285, 286, 287, 294, 295, 298, 299, 310, 311, 312, 313, 314, 320, 321, 324, 327, 328, 346], "excluded_lines": [], "functions": {"resolve_cohort": {"executed_lines": [46, 48, 49, 51, 52, 55, 56, 57, 59, 60, 62, 63, 64, 68, 69, 71, 74, 77, 82, 83, 84, 86, 88, 89, 90, 92, 94, 96, 97], "summary": {"covered_lines": 29, "num_statements": 38, "percent_covered": 76.3157894736842, "percent_covered_display": "76", "missing_lines": 9, "excluded_lines": 0, "percent_statements_covered": 76.3157894736842, "percent_statements_covered_display": "76"}, "missing_lines": [53, 65, 66, 72, 73, 75, 76, 78, 79], "excluded_lines": [], "start_line": 33}, "apply_cohorts_to_rdv": {"executed_lines": [113, 115, 117, 118, 119, 121, 122, 123, 125, 126, 128, 131], "summary": {"covered_lines": 12, "num_statements": 13, "percent_covered": 92.3076923076923, "percent_covered_display": "92", "missing_lines": 1, "excluded_lines": 0, "percent_statements_covered": 92.3076923076923, "percent_statements_covered_display": "92"}, "missing_lines": [129], "excluded_lines": [], "start_line": 100}, "_build_filter_fn": {"executed_lines": [139, 140, 141, 143, 144, 145], "summary": {"covered_lines": 6, "num_statements": 19, "percent_covered": 31.57894736842105, "percent_covered_display": "32", "missing_lines": 13, "excluded_lines": 0, "percent_statements_covered": 31.57894736842105, "percent_statements_covered_display": "32"}, "missing_lines": [147, 148, 149, 151, 152, 153, 155, 156, 157, 159, 160, 161, 163], "excluded_lines": [], "start_line": 138}, "_filter_age_between": {"executed_lines": [], "summary": {"covered_lines": 0, "num_statements": 9, "percent_covered": 0.0, "percent_covered_display": "0", "missing_lines": 9, "excluded_lines": 0, "percent_statements_covered": 0.0, "percent_statements_covered_display": "0"}, "missing_lines": [167, 168, 169, 170, 171, 172, 173, 174, 175], "excluded_lines": [], "start_line": 166}, "_ff_concurrent": {"executed_lines": [183, 185, 189], "summary": {"covered_lines": 3, "num_statements": 4, "percent_covered": 75.0, "percent_covered_display": "75", "missing_lines": 1, "excluded_lines": 0, "percent_statements_covered": 75.0, "percent_statements_covered_display": "75"}, "missing_lines": [184], "excluded_lines": [], "start_line": 182}, "_ff_crop_start_end": {"executed_lines": [193, 195, 196, 197, 198], "summary": {"covered_lines": 5, "num_statements": 6, "percent_covered": 83.33333333333333, "percent_covered_display": "83", "missing_lines": 1, "excluded_lines": 0, "percent_statements_covered": 83.33333333333333, "percent_statements_covered_display": "83"}, "missing_lines": [194], "excluded_lines": [], "start_line": 192}, "_base_patient_list": {"executed_lines": [206, 207, 208, 209, 210, 211], "summary": {"covered_lines": 6, "num_statements": 6, "percent_covered": 100.0, "percent_covered_display": "100", "missing_lines": 0, "excluded_lines": 0, "percent_statements_covered": 100.0, "percent_statements_covered_display": "100"}, "missing_lines": [], "excluded_lines": [], "start_line": 205}, "_add_cohort_ids": {"executed_lines": [215, 217, 218, 223], "summary": {"covered_lines": 4, "num_statements": 5, "percent_covered": 80.0, "percent_covered_display": "80", "missing_lines": 1, "excluded_lines": 0, "percent_statements_covered": 80.0, "percent_statements_covered_display": "80"}, "missing_lines": [216], "excluded_lines": [], "start_line": 214}, "_merge_contiguous_periods": {"executed_lines": [228, 231, 232, 233, 234, 235, 241, 243], "summary": {"covered_lines": 8, "num_statements": 13, "percent_covered": 61.53846153846154, "percent_covered_display": "62", "missing_lines": 5, "excluded_lines": 0, "percent_statements_covered": 61.53846153846154, "percent_statements_covered_display": "62"}, "missing_lines": [229, 236, 237, 238, 240], "excluded_lines": [], "start_line": 226}, "_window_offsets": {"executed_lines": [], "summary": {"covered_lines": 0, "num_statements": 2, "percent_covered": 0.0, "percent_covered_display": "0", "missing_lines": 2, "excluded_lines": 0, "percent_statements_covered": 0.0, "percent_statements_covered_display": "0"}, "missing_lines": [248, 249], "excluded_lines": [], "start_line": 246}, "_ff_crop_entry_exit": {"executed_lines": [], "summary": {"covered_lines": 0, "num_statements": 10, "percent_covered": 0.0, "percent_covered_display": "0", "missing_lines": 10, "excluded_lines": 0, "percent_statements_covered": 0.0, "percent_statements_covered_display": "0"}, "missing_lines": [260, 261, 262, 263, 264, 265, 268, 269, 270, 273], "excluded_lines": [], "start_line": 252}, "_ff_crop_entry": {"executed_lines": [], "summary": {"covered_lines": 0, "num_statements": 9, "percent_covered": 0.0, "percent_covered_display": "0", "missing_lines": 9, "excluded_lines": 0, "percent_statements_covered": 0.0, "percent_statements_covered_display": "0"}, "missing_lines": [283, 284, 285, 286, 287, 294, 295, 298, 299], "excluded_lines": [], "start_line": 276}, "_ff_crop_first": {"executed_lines": [], "summary": {"covered_lines": 0, "num_statements": 10, "percent_covered": 0.0, "percent_covered_display": "0", "missing_lines": 10, "excluded_lines": 0, "percent_statements_covered": 0.0, "percent_statements_covered_display": "0"}, "missing_lines": [310, 311, 312, 313, 314, 320, 321, 324, 327, 328], "excluded_lines": [], "start_line": 302}, "_has_datetimes": {"executed_lines": [332], "summary": {"covered_lines": 1, "num_statements": 1, "percent_covered": 100.0, "percent_covered_display": "100", "missing_lines": 0, "excluded_lines": 0, "percent_statements_covered": 100.0, "percent_statements_covered_display": "100"}, "missing_lines": [], "excluded_lines": [], "start_line": 331}, "_strip_tz": {"executed_lines": [342, 343, 344, 345, 347], "summary": {"covered_lines": 5, "num_statements": 6, "percent_covered": 83.33333333333333, "percent_covered_display": "83", "missing_lines": 1, "excluded_lines": 0, "percent_statements_covered": 83.33333333333333, "percent_statements_covered_display": "83"}, "missing_lines": [346], "excluded_lines": [], "start_line": 335}, "": {"executed_lines": [10, 12, 13, 14, 15, 17, 19, 26, 33, 100, 138, 166, 182, 192, 205, 214, 226, 246, 252, 276, 302, 331, 335], "summary": {"covered_lines": 23, "num_statements": 23, "percent_covered": 100.0, "percent_covered_display": "100", "missing_lines": 0, "excluded_lines": 0, "percent_statements_covered": 100.0, "percent_statements_covered_display": "100"}, "missing_lines": [], "excluded_lines": [], "start_line": 1}}, "classes": {"": {"executed_lines": [10, 12, 13, 14, 15, 17, 19, 26, 33, 46, 48, 49, 51, 52, 55, 56, 57, 59, 60, 62, 63, 64, 68, 69, 71, 74, 77, 82, 83, 84, 86, 88, 89, 90, 92, 94, 96, 97, 100, 113, 115, 117, 118, 119, 121, 122, 123, 125, 126, 128, 131, 138, 139, 140, 141, 143, 144, 145, 166, 182, 183, 185, 189, 192, 193, 195, 196, 197, 198, 205, 206, 207, 208, 209, 210, 211, 214, 215, 217, 218, 223, 226, 228, 231, 232, 233, 234, 235, 241, 243, 246, 252, 276, 302, 331, 332, 335, 342, 343, 344, 345, 347], "summary": {"covered_lines": 102, "num_statements": 174, "percent_covered": 58.62068965517241, "percent_covered_display": "59", "missing_lines": 72, "excluded_lines": 0, "percent_statements_covered": 58.62068965517241, "percent_statements_covered_display": "59"}, "missing_lines": [53, 65, 66, 72, 73, 75, 76, 78, 79, 129, 147, 148, 149, 151, 152, 153, 155, 156, 157, 159, 160, 161, 163, 167, 168, 169, 170, 171, 172, 173, 174, 175, 184, 194, 216, 229, 236, 237, 238, 240, 248, 249, 260, 261, 262, 263, 264, 265, 268, 269, 270, 273, 283, 284, 285, 286, 287, 294, 295, 298, 299, 310, 311, 312, 313, 314, 320, 321, 324, 327, 328, 346], "excluded_lines": [], "start_line": 1}}}, "core/cohort/formatting.py": {"executed_lines": [], "summary": {"covered_lines": 0, "num_statements": 39, "percent_covered": 0.0, "percent_covered_display": "0", "missing_lines": 39, "excluded_lines": 0, "percent_statements_covered": 0.0, "percent_statements_covered_display": "0"}, "missing_lines": [17, 19, 20, 22, 30, 40, 47, 48, 50, 51, 52, 57, 59, 60, 61, 62, 63, 64, 67, 69, 71, 72, 73, 74, 76, 79, 90, 91, 92, 94, 95, 96, 97, 99, 102, 104, 105, 106, 107], "excluded_lines": [], "functions": {"describe_step": {"executed_lines": [], "summary": {"covered_lines": 0, "num_statements": 19, "percent_covered": 0.0, "percent_covered_display": "0", "missing_lines": 19, "excluded_lines": 0, "percent_statements_covered": 0.0, "percent_statements_covered_display": "0"}, "missing_lines": [47, 48, 50, 51, 52, 57, 59, 60, 61, 62, 63, 64, 67, 69, 71, 72, 73, 74, 76], "excluded_lines": [], "start_line": 40}, "describe_cohort": {"executed_lines": [], "summary": {"covered_lines": 0, "num_statements": 8, "percent_covered": 0.0, "percent_covered_display": "0", "missing_lines": 8, "excluded_lines": 0, "percent_statements_covered": 0.0, "percent_statements_covered_display": "0"}, "missing_lines": [90, 91, 92, 94, 95, 96, 97, 99], "excluded_lines": [], "start_line": 79}, "describe_cohort_short": {"executed_lines": [], "summary": {"covered_lines": 0, "num_statements": 4, "percent_covered": 0.0, "percent_covered_display": "0", "missing_lines": 4, "excluded_lines": 0, "percent_statements_covered": 0.0, "percent_statements_covered_display": "0"}, "missing_lines": [104, 105, 106, 107], "excluded_lines": [], "start_line": 102}, "": {"executed_lines": [], "summary": {"covered_lines": 0, "num_statements": 8, "percent_covered": 0.0, "percent_covered_display": "0", "missing_lines": 8, "excluded_lines": 0, "percent_statements_covered": 0.0, "percent_statements_covered_display": "0"}, "missing_lines": [17, 19, 20, 22, 30, 40, 79, 102], "excluded_lines": [], "start_line": 1}}, "classes": {"": {"executed_lines": [], "summary": {"covered_lines": 0, "num_statements": 39, "percent_covered": 0.0, "percent_covered_display": "0", "missing_lines": 39, "excluded_lines": 0, "percent_statements_covered": 0.0, "percent_statements_covered_display": "0"}, "missing_lines": [17, 19, 20, 22, 30, 40, 47, 48, 50, 51, 52, 57, 59, 60, 61, 62, 63, 64, 67, 69, 71, 72, 73, 74, 76, 79, 90, 91, 92, 94, 95, 96, 97, 99, 102, 104, 105, 106, 107], "excluded_lines": [], "start_line": 1}}}, "core/cohort/models.py": {"executed_lines": [12, 14, 15, 16, 18, 21, 30, 39, 40, 45, 46, 47, 48, 49, 50, 51, 54, 55, 69, 70, 73, 74, 83, 84, 85, 86, 88, 89, 90, 91, 94, 96, 108], "summary": {"covered_lines": 33, "num_statements": 33, "percent_covered": 100.0, "percent_covered_display": "100", "missing_lines": 0, "excluded_lines": 0, "percent_statements_covered": 100.0, "percent_statements_covered_display": "100"}, "missing_lines": [], "excluded_lines": [], "functions": {"ResolvedCohort.__post_init__": {"executed_lines": [89, 90, 91], "summary": {"covered_lines": 3, "num_statements": 3, "percent_covered": 100.0, "percent_covered_display": "100", "missing_lines": 0, "excluded_lines": 0, "percent_statements_covered": 100.0, "percent_statements_covered_display": "100"}, "missing_lines": [], "excluded_lines": [], "start_line": 88}, "cohort_definition_from_yaml": {"executed_lines": [96, 108], "summary": {"covered_lines": 2, "num_statements": 2, "percent_covered": 100.0, "percent_covered_display": "100", "missing_lines": 0, "excluded_lines": 0, "percent_statements_covered": 100.0, "percent_statements_covered_display": "100"}, "missing_lines": [], "excluded_lines": [], "start_line": 94}, "": {"executed_lines": [12, 14, 15, 16, 18, 21, 30, 39, 40, 45, 46, 47, 48, 49, 50, 51, 54, 55, 69, 70, 73, 74, 83, 84, 85, 86, 88, 94], "summary": {"covered_lines": 28, "num_statements": 28, "percent_covered": 100.0, "percent_covered_display": "100", "missing_lines": 0, "excluded_lines": 0, "percent_statements_covered": 100.0, "percent_statements_covered_display": "100"}, "missing_lines": [], "excluded_lines": [], "start_line": 1}}, "classes": {"CohortFilterStep": {"executed_lines": [], "summary": {"covered_lines": 0, "num_statements": 0, "percent_covered": 100.0, "percent_covered_display": "100", "missing_lines": 0, "excluded_lines": 0, "percent_statements_covered": 100.0, "percent_statements_covered_display": "100"}, "missing_lines": [], "excluded_lines": [], "start_line": 40}, "CohortDefinition": {"executed_lines": [], "summary": {"covered_lines": 0, "num_statements": 0, "percent_covered": 100.0, "percent_covered_display": "100", "missing_lines": 0, "excluded_lines": 0, "percent_statements_covered": 100.0, "percent_statements_covered_display": "100"}, "missing_lines": [], "excluded_lines": [], "start_line": 55}, "ResolvedCohort": {"executed_lines": [89, 90, 91], "summary": {"covered_lines": 3, "num_statements": 3, "percent_covered": 100.0, "percent_covered_display": "100", "missing_lines": 0, "excluded_lines": 0, "percent_statements_covered": 100.0, "percent_statements_covered_display": "100"}, "missing_lines": [], "excluded_lines": [], "start_line": 74}, "": {"executed_lines": [12, 14, 15, 16, 18, 21, 30, 39, 40, 45, 46, 47, 48, 49, 50, 51, 54, 55, 69, 70, 73, 74, 83, 84, 85, 86, 88, 94, 96, 108], "summary": {"covered_lines": 30, "num_statements": 30, "percent_covered": 100.0, "percent_covered_display": "100", "missing_lines": 0, "excluded_lines": 0, "percent_statements_covered": 100.0, "percent_statements_covered_display": "100"}, "missing_lines": [], "excluded_lines": [], "start_line": 1}}}, "core/config/__init__.py": {"executed_lines": [12, 20, 22], "summary": {"covered_lines": 3, "num_statements": 3, "percent_covered": 100.0, "percent_covered_display": "100", "missing_lines": 0, "excluded_lines": 0, "percent_statements_covered": 100.0, "percent_statements_covered_display": "100"}, "missing_lines": [], "excluded_lines": [], "functions": {"": {"executed_lines": [12, 20, 22], "summary": {"covered_lines": 3, "num_statements": 3, "percent_covered": 100.0, "percent_covered_display": "100", "missing_lines": 0, "excluded_lines": 0, "percent_statements_covered": 100.0, "percent_statements_covered_display": "100"}, "missing_lines": [], "excluded_lines": [], "start_line": 1}}, "classes": {"": {"executed_lines": [12, 20, 22], "summary": {"covered_lines": 3, "num_statements": 3, "percent_covered": 100.0, "percent_covered_display": "100", "missing_lines": 0, "excluded_lines": 0, "percent_statements_covered": 100.0, "percent_statements_covered_display": "100"}, "missing_lines": [], "excluded_lines": [], "start_line": 1}}}, "core/config/app_config.py": {"executed_lines": [41, 43, 44, 45, 46, 47, 49, 51, 61, 62, 63, 64, 65, 67, 69, 72, 76, 83, 84, 102, 103, 104, 105, 106, 108, 109, 111, 113, 114, 116, 119, 120, 125, 126, 129, 130, 132, 133, 136, 137, 154, 155, 156, 157, 158, 159, 160, 161, 162, 163, 164, 165, 167, 168, 174, 175, 176, 177, 178, 179, 180, 187, 188, 189, 192, 193, 194, 197, 203, 204, 206, 207, 208, 210, 213, 215, 224, 225, 226, 233, 247, 248, 249, 251, 252, 254, 255, 258, 259, 262, 268, 270, 286, 295], "summary": {"covered_lines": 94, "num_statements": 99, "percent_covered": 94.94949494949495, "percent_covered_display": "95", "missing_lines": 5, "excluded_lines": 0, "percent_statements_covered": 94.94949494949495, "percent_statements_covered_display": "95"}, "missing_lines": [66, 71, 195, 209, 211], "excluded_lines": [], "functions": {"_datelist_constructor": {"executed_lines": [62, 63, 64, 65, 67, 69, 72], "summary": {"covered_lines": 7, "num_statements": 9, "percent_covered": 77.77777777777777, "percent_covered_display": "78", "missing_lines": 2, "excluded_lines": 0, "percent_statements_covered": 77.77777777777777, "percent_statements_covered_display": "78"}, "missing_lines": [66, 71], "excluded_lines": [], "start_line": 61}, "AnalysisMethod.rdv_params": {"executed_lines": [111], "summary": {"covered_lines": 1, "num_statements": 1, "percent_covered": 100.0, "percent_covered_display": "100", "missing_lines": 0, "excluded_lines": 0, "percent_statements_covered": 100.0, "percent_statements_covered_display": "100"}, "missing_lines": [], "excluded_lines": [], "start_line": 109}, "AnalysisMethod.static_params": {"executed_lines": [116], "summary": {"covered_lines": 1, "num_statements": 1, "percent_covered": 100.0, "percent_covered_display": "100", "missing_lines": 0, "excluded_lines": 0, "percent_statements_covered": 100.0, "percent_statements_covered_display": "100"}, "missing_lines": [], "excluded_lines": [], "start_line": 114}, "AppConfig.all_rdv_names": {"executed_lines": [174, 175, 176, 177, 178, 179, 180], "summary": {"covered_lines": 7, "num_statements": 7, "percent_covered": 100.0, "percent_covered_display": "100", "missing_lines": 0, "excluded_lines": 0, "percent_statements_covered": 100.0, "percent_statements_covered_display": "100"}, "missing_lines": [], "excluded_lines": [], "start_line": 168}, "_parse_outputs": {"executed_lines": [188, 189, 192, 197], "summary": {"covered_lines": 4, "num_statements": 4, "percent_covered": 100.0, "percent_covered_display": "100", "missing_lines": 0, "excluded_lines": 0, "percent_statements_covered": 100.0, "percent_statements_covered_display": "100"}, "missing_lines": [], "excluded_lines": [], "start_line": 187}, "_parse_outputs._bool": {"executed_lines": [193, 194], "summary": {"covered_lines": 2, "num_statements": 3, "percent_covered": 66.66666666666667, "percent_covered_display": "67", "missing_lines": 1, "excluded_lines": 0, "percent_statements_covered": 66.66666666666667, "percent_statements_covered_display": "67"}, "missing_lines": [195], "excluded_lines": [], "start_line": 192}, "_parse_method": {"executed_lines": [204, 206, 207, 208, 210, 213, 215], "summary": {"covered_lines": 7, "num_statements": 9, "percent_covered": 77.77777777777777, "percent_covered_display": "78", "missing_lines": 2, "excluded_lines": 0, "percent_statements_covered": 77.77777777777777, "percent_statements_covered_display": "78"}, "missing_lines": [209, 211], "excluded_lines": [], "start_line": 203}, "_parse_tab": {"executed_lines": [225, 226], "summary": {"covered_lines": 2, "num_statements": 2, "percent_covered": 100.0, "percent_covered_display": "100", "missing_lines": 0, "excluded_lines": 0, "percent_statements_covered": 100.0, "percent_statements_covered_display": "100"}, "missing_lines": [], "excluded_lines": [], "start_line": 224}, "load_app_config": {"executed_lines": [247, 248, 249, 251, 252, 254, 255, 258, 259, 262, 268, 270], "summary": {"covered_lines": 12, "num_statements": 12, "percent_covered": 100.0, "percent_covered_display": "100", "missing_lines": 0, "excluded_lines": 0, "percent_statements_covered": 100.0, "percent_statements_covered_display": "100"}, "missing_lines": [], "excluded_lines": [], "start_line": 233}, "load_app_configs": {"executed_lines": [295], "summary": {"covered_lines": 1, "num_statements": 1, "percent_covered": 100.0, "percent_covered_display": "100", "missing_lines": 0, "excluded_lines": 0, "percent_statements_covered": 100.0, "percent_statements_covered_display": "100"}, "missing_lines": [], "excluded_lines": [], "start_line": 286}, "": {"executed_lines": [41, 43, 44, 45, 46, 47, 49, 51, 61, 76, 83, 84, 102, 103, 104, 105, 106, 108, 109, 113, 114, 119, 120, 125, 126, 129, 130, 132, 133, 136, 137, 154, 155, 156, 157, 158, 159, 160, 161, 162, 163, 164, 165, 167, 168, 187, 203, 224, 233, 286], "summary": {"covered_lines": 50, "num_statements": 50, "percent_covered": 100.0, "percent_covered_display": "100", "missing_lines": 0, "excluded_lines": 0, "percent_statements_covered": 100.0, "percent_statements_covered_display": "100"}, "missing_lines": [], "excluded_lines": [], "start_line": 1}}, "classes": {"AnalysisMethod": {"executed_lines": [111, 116], "summary": {"covered_lines": 2, "num_statements": 2, "percent_covered": 100.0, "percent_covered_display": "100", "missing_lines": 0, "excluded_lines": 0, "percent_statements_covered": 100.0, "percent_statements_covered_display": "100"}, "missing_lines": [], "excluded_lines": [], "start_line": 84}, "AnalysisTab": {"executed_lines": [], "summary": {"covered_lines": 0, "num_statements": 0, "percent_covered": 100.0, "percent_covered_display": "100", "missing_lines": 0, "excluded_lines": 0, "percent_statements_covered": 100.0, "percent_statements_covered_display": "100"}, "missing_lines": [], "excluded_lines": [], "start_line": 120}, "OutputConfig": {"executed_lines": [], "summary": {"covered_lines": 0, "num_statements": 0, "percent_covered": 100.0, "percent_covered_display": "100", "missing_lines": 0, "excluded_lines": 0, "percent_statements_covered": 100.0, "percent_statements_covered_display": "100"}, "missing_lines": [], "excluded_lines": [], "start_line": 130}, "AppConfig": {"executed_lines": [174, 175, 176, 177, 178, 179, 180], "summary": {"covered_lines": 7, "num_statements": 7, "percent_covered": 100.0, "percent_covered_display": "100", "missing_lines": 0, "excluded_lines": 0, "percent_statements_covered": 100.0, "percent_statements_covered_display": "100"}, "missing_lines": [], "excluded_lines": [], "start_line": 137}, "": {"executed_lines": [41, 43, 44, 45, 46, 47, 49, 51, 61, 62, 63, 64, 65, 67, 69, 72, 76, 83, 84, 102, 103, 104, 105, 106, 108, 109, 113, 114, 119, 120, 125, 126, 129, 130, 132, 133, 136, 137, 154, 155, 156, 157, 158, 159, 160, 161, 162, 163, 164, 165, 167, 168, 187, 188, 189, 192, 193, 194, 197, 203, 204, 206, 207, 208, 210, 213, 215, 224, 225, 226, 233, 247, 248, 249, 251, 252, 254, 255, 258, 259, 262, 268, 270, 286, 295], "summary": {"covered_lines": 85, "num_statements": 90, "percent_covered": 94.44444444444444, "percent_covered_display": "94", "missing_lines": 5, "excluded_lines": 0, "percent_statements_covered": 94.44444444444444, "percent_statements_covered_display": "94"}, "missing_lines": [66, 71, 195, 209, 211], "excluded_lines": [], "start_line": 1}}}, "core/config/platform_config.py": {"executed_lines": [34, 36, 37, 38, 39, 40, 42, 46, 53, 54, 69, 70, 71, 72, 73, 74, 75, 76, 77, 78, 79, 86, 132, 139, 155], "summary": {"covered_lines": 25, "num_statements": 76, "percent_covered": 32.89473684210526, "percent_covered_display": "33", "missing_lines": 51, "excluded_lines": 0, "percent_statements_covered": 32.89473684210526, "percent_statements_covered_display": "33"}, "missing_lines": [102, 103, 105, 107, 109, 110, 111, 112, 114, 115, 116, 117, 118, 120, 121, 122, 125, 126, 127, 129, 133, 134, 135, 136, 140, 141, 142, 143, 144, 145, 146, 147, 148, 166, 168, 169, 170, 171, 173, 174, 175, 178, 179, 180, 181, 182, 184, 185, 186, 189, 191], "excluded_lines": [], "functions": {"_resolve_app_yaml": {"executed_lines": [], "summary": {"covered_lines": 0, "num_statements": 20, "percent_covered": 0.0, "percent_covered_display": "0", "missing_lines": 20, "excluded_lines": 0, "percent_statements_covered": 0.0, "percent_statements_covered_display": "0"}, "missing_lines": [102, 103, 105, 107, 109, 110, 111, 112, 114, 115, 116, 117, 118, 120, 121, 122, 125, 126, 127, 129], "excluded_lines": [], "start_line": 86}, "_to_path_or_none": {"executed_lines": [], "summary": {"covered_lines": 0, "num_statements": 4, "percent_covered": 0.0, "percent_covered_display": "0", "missing_lines": 4, "excluded_lines": 0, "percent_statements_covered": 0.0, "percent_statements_covered_display": "0"}, "missing_lines": [133, 134, 135, 136], "excluded_lines": [], "start_line": 132}, "_to_int_or_none": {"executed_lines": [], "summary": {"covered_lines": 0, "num_statements": 9, "percent_covered": 0.0, "percent_covered_display": "0", "missing_lines": 9, "excluded_lines": 0, "percent_statements_covered": 0.0, "percent_statements_covered_display": "0"}, "missing_lines": [140, 141, 142, 143, 144, 145, 146, 147, 148], "excluded_lines": [], "start_line": 139}, "load_platform_config": {"executed_lines": [], "summary": {"covered_lines": 0, "num_statements": 18, "percent_covered": 0.0, "percent_covered_display": "0", "missing_lines": 18, "excluded_lines": 0, "percent_statements_covered": 0.0, "percent_statements_covered_display": "0"}, "missing_lines": [166, 168, 169, 170, 171, 173, 174, 175, 178, 179, 180, 181, 182, 184, 185, 186, 189, 191], "excluded_lines": [], "start_line": 155}, "": {"executed_lines": [34, 36, 37, 38, 39, 40, 42, 46, 53, 54, 69, 70, 71, 72, 73, 74, 75, 76, 77, 78, 79, 86, 132, 139, 155], "summary": {"covered_lines": 25, "num_statements": 25, "percent_covered": 100.0, "percent_covered_display": "100", "missing_lines": 0, "excluded_lines": 0, "percent_statements_covered": 100.0, "percent_statements_covered_display": "100"}, "missing_lines": [], "excluded_lines": [], "start_line": 1}}, "classes": {"PlatformConfig": {"executed_lines": [], "summary": {"covered_lines": 0, "num_statements": 0, "percent_covered": 100.0, "percent_covered_display": "100", "missing_lines": 0, "excluded_lines": 0, "percent_statements_covered": 100.0, "percent_statements_covered_display": "100"}, "missing_lines": [], "excluded_lines": [], "start_line": 54}, "": {"executed_lines": [34, 36, 37, 38, 39, 40, 42, 46, 53, 54, 69, 70, 71, 72, 73, 74, 75, 76, 77, 78, 79, 86, 132, 139, 155], "summary": {"covered_lines": 25, "num_statements": 76, "percent_covered": 32.89473684210526, "percent_covered_display": "33", "missing_lines": 51, "excluded_lines": 0, "percent_statements_covered": 32.89473684210526, "percent_statements_covered_display": "33"}, "missing_lines": [102, 103, 105, 107, 109, 110, 111, 112, 114, 115, 116, 117, 118, 120, 121, 122, 125, 126, 127, 129, 133, 134, 135, 136, 140, 141, 142, 143, 144, 145, 146, 147, 148, 166, 168, 169, 170, 171, 173, 174, 175, 178, 179, 180, 181, 182, 184, 185, 186, 189, 191], "excluded_lines": [], "start_line": 1}}}, "core/data/__init__.py": {"executed_lines": [], "summary": {"covered_lines": 0, "num_statements": 0, "percent_covered": 100.0, "percent_covered_display": "100", "missing_lines": 0, "excluded_lines": 0, "percent_statements_covered": 100.0, "percent_statements_covered_display": "100"}, "missing_lines": [], "excluded_lines": [], "functions": {"": {"executed_lines": [], "summary": {"covered_lines": 0, "num_statements": 0, "percent_covered": 100.0, "percent_covered_display": "100", "missing_lines": 0, "excluded_lines": 0, "percent_statements_covered": 100.0, "percent_statements_covered_display": "100"}, "missing_lines": [], "excluded_lines": [], "start_line": 1}}, "classes": {"": {"executed_lines": [], "summary": {"covered_lines": 0, "num_statements": 0, "percent_covered": 100.0, "percent_covered_display": "100", "missing_lines": 0, "excluded_lines": 0, "percent_statements_covered": 100.0, "percent_statements_covered_display": "100"}, "missing_lines": [], "excluded_lines": [], "start_line": 1}}}, "core/data/loader.py": {"executed_lines": [10, 12, 13, 14, 16, 18, 20, 23, 27, 74, 106, 113], "summary": {"covered_lines": 12, "num_statements": 48, "percent_covered": 25.0, "percent_covered_display": "25", "missing_lines": 36, "excluded_lines": 0, "percent_statements_covered": 25.0, "percent_statements_covered_display": "25"}, "missing_lines": [48, 49, 51, 52, 54, 55, 56, 57, 58, 59, 60, 61, 63, 68, 69, 70, 71, 89, 90, 91, 93, 94, 95, 96, 97, 99, 107, 108, 109, 110, 114, 115, 116, 117, 118, 119], "excluded_lines": [], "functions": {"load_rdv": {"executed_lines": [], "summary": {"covered_lines": 0, "num_statements": 17, "percent_covered": 0.0, "percent_covered_display": "0", "missing_lines": 17, "excluded_lines": 0, "percent_statements_covered": 0.0, "percent_statements_covered_display": "0"}, "missing_lines": [48, 49, 51, 52, 54, 55, 56, 57, 58, 59, 60, 61, 63, 68, 69, 70, 71], "excluded_lines": [], "start_line": 27}, "load_all_rdvs": {"executed_lines": [], "summary": {"covered_lines": 0, "num_statements": 9, "percent_covered": 0.0, "percent_covered_display": "0", "missing_lines": 9, "excluded_lines": 0, "percent_statements_covered": 0.0, "percent_statements_covered_display": "0"}, "missing_lines": [89, 90, 91, 93, 94, 95, 96, 97, 99], "excluded_lines": [], "start_line": 74}, "_parse_datetimes": {"executed_lines": [], "summary": {"covered_lines": 0, "num_statements": 4, "percent_covered": 0.0, "percent_covered_display": "0", "missing_lines": 4, "excluded_lines": 0, "percent_statements_covered": 0.0, "percent_statements_covered_display": "0"}, "missing_lines": [107, 108, 109, 110], "excluded_lines": [], "start_line": 106}, "_validate": {"executed_lines": [], "summary": {"covered_lines": 0, "num_statements": 6, "percent_covered": 0.0, "percent_covered_display": "0", "missing_lines": 6, "excluded_lines": 0, "percent_statements_covered": 0.0, "percent_statements_covered_display": "0"}, "missing_lines": [114, 115, 116, 117, 118, 119], "excluded_lines": [], "start_line": 113}, "": {"executed_lines": [10, 12, 13, 14, 16, 18, 20, 23, 27, 74, 106, 113], "summary": {"covered_lines": 12, "num_statements": 12, "percent_covered": 100.0, "percent_covered_display": "100", "missing_lines": 0, "excluded_lines": 0, "percent_statements_covered": 100.0, "percent_statements_covered_display": "100"}, "missing_lines": [], "excluded_lines": [], "start_line": 1}}, "classes": {"": {"executed_lines": [10, 12, 13, 14, 16, 18, 20, 23, 27, 74, 106, 113], "summary": {"covered_lines": 12, "num_statements": 48, "percent_covered": 25.0, "percent_covered_display": "25", "missing_lines": 36, "excluded_lines": 0, "percent_statements_covered": 25.0, "percent_statements_covered_display": "25"}, "missing_lines": [48, 49, 51, 52, 54, 55, 56, 57, 58, 59, 60, 61, 63, 68, 69, 70, 71, 89, 90, 91, 93, 94, 95, 96, 97, 99, 107, 108, 109, 110, 114, 115, 116, 117, 118, 119], "excluded_lines": [], "start_line": 1}}}, "core/data/rdv.py": {"executed_lines": [11, 13, 14, 21, 36, 51, 52, 54, 55, 57, 59, 61, 64], "summary": {"covered_lines": 13, "num_statements": 13, "percent_covered": 100.0, "percent_covered_display": "100", "missing_lines": 0, "excluded_lines": 0, "percent_statements_covered": 100.0, "percent_statements_covered_display": "100"}, "missing_lines": [], "excluded_lines": [], "functions": {"": {"executed_lines": [11, 13, 14, 21, 36, 51, 52, 54, 55, 57, 59, 61, 64], "summary": {"covered_lines": 13, "num_statements": 13, "percent_covered": 100.0, "percent_covered_display": "100", "missing_lines": 0, "excluded_lines": 0, "percent_statements_covered": 100.0, "percent_statements_covered_display": "100"}, "missing_lines": [], "excluded_lines": [], "start_line": 1}}, "classes": {"RdvSchema": {"executed_lines": [], "summary": {"covered_lines": 0, "num_statements": 0, "percent_covered": 100.0, "percent_covered_display": "100", "missing_lines": 0, "excluded_lines": 0, "percent_statements_covered": 100.0, "percent_statements_covered_display": "100"}, "missing_lines": [], "excluded_lines": [], "start_line": 52}, "": {"executed_lines": [11, 13, 14, 21, 36, 51, 52, 54, 55, 57, 59, 61, 64], "summary": {"covered_lines": 13, "num_statements": 13, "percent_covered": 100.0, "percent_covered_display": "100", "missing_lines": 0, "excluded_lines": 0, "percent_statements_covered": 100.0, "percent_statements_covered_display": "100"}, "missing_lines": [], "excluded_lines": [], "start_line": 1}}}, "core/prepressr/__init__.py": {"executed_lines": [], "summary": {"covered_lines": 0, "num_statements": 0, "percent_covered": 100.0, "percent_covered_display": "100", "missing_lines": 0, "excluded_lines": 0, "percent_statements_covered": 100.0, "percent_statements_covered_display": "100"}, "missing_lines": [], "excluded_lines": [], "functions": {"": {"executed_lines": [], "summary": {"covered_lines": 0, "num_statements": 0, "percent_covered": 100.0, "percent_covered_display": "100", "missing_lines": 0, "excluded_lines": 0, "percent_statements_covered": 100.0, "percent_statements_covered_display": "100"}, "missing_lines": [], "excluded_lines": [], "start_line": 1}}, "classes": {"": {"executed_lines": [], "summary": {"covered_lines": 0, "num_statements": 0, "percent_covered": 100.0, "percent_covered_display": "100", "missing_lines": 0, "excluded_lines": 0, "percent_statements_covered": 100.0, "percent_statements_covered_display": "100"}, "missing_lines": [], "excluded_lines": [], "start_line": 1}}}, "core/prepressr/prepressr.py": {"executed_lines": [], "summary": {"covered_lines": 0, "num_statements": 31, "percent_covered": 0.0, "percent_covered_display": "0", "missing_lines": 31, "excluded_lines": 0, "percent_statements_covered": 0.0, "percent_statements_covered_display": "0"}, "missing_lines": [16, 18, 19, 20, 21, 23, 25, 28, 58, 59, 65, 66, 67, 68, 69, 71, 72, 73, 74, 75, 76, 77, 79, 80, 82, 84, 85, 88, 100, 101, 102], "excluded_lines": [], "functions": {"prepress": {"executed_lines": [], "summary": {"covered_lines": 0, "num_statements": 19, "percent_covered": 0.0, "percent_covered_display": "0", "missing_lines": 19, "excluded_lines": 0, "percent_statements_covered": 0.0, "percent_statements_covered_display": "0"}, "missing_lines": [58, 59, 65, 66, 67, 68, 69, 71, 72, 73, 74, 75, 76, 77, 79, 80, 82, 84, 85], "excluded_lines": [], "start_line": 28}, "generate_section_header": {"executed_lines": [], "summary": {"covered_lines": 0, "num_statements": 3, "percent_covered": 0.0, "percent_covered_display": "0", "missing_lines": 3, "excluded_lines": 0, "percent_statements_covered": 0.0, "percent_statements_covered_display": "0"}, "missing_lines": [100, 101, 102], "excluded_lines": [], "start_line": 88}, "": {"executed_lines": [], "summary": {"covered_lines": 0, "num_statements": 9, "percent_covered": 0.0, "percent_covered_display": "0", "missing_lines": 9, "excluded_lines": 0, "percent_statements_covered": 0.0, "percent_statements_covered_display": "0"}, "missing_lines": [16, 18, 19, 20, 21, 23, 25, 28, 88], "excluded_lines": [], "start_line": 1}}, "classes": {"": {"executed_lines": [], "summary": {"covered_lines": 0, "num_statements": 31, "percent_covered": 0.0, "percent_covered_display": "0", "missing_lines": 31, "excluded_lines": 0, "percent_statements_covered": 0.0, "percent_statements_covered_display": "0"}, "missing_lines": [16, 18, 19, 20, 21, 23, 25, 28, 58, 59, 65, 66, 67, 68, 69, 71, 72, 73, 74, 75, 76, 77, 79, 80, 82, 84, 85, 88, 100, 101, 102], "excluded_lines": [], "start_line": 1}}}, "core/rdv/__init__.py": {"executed_lines": [], "summary": {"covered_lines": 0, "num_statements": 0, "percent_covered": 100.0, "percent_covered_display": "100", "missing_lines": 0, "excluded_lines": 0, "percent_statements_covered": 100.0, "percent_statements_covered_display": "100"}, "missing_lines": [], "excluded_lines": [], "functions": {"": {"executed_lines": [], "summary": {"covered_lines": 0, "num_statements": 0, "percent_covered": 100.0, "percent_covered_display": "100", "missing_lines": 0, "excluded_lines": 0, "percent_statements_covered": 100.0, "percent_statements_covered_display": "100"}, "missing_lines": [], "excluded_lines": [], "start_line": 1}}, "classes": {"": {"executed_lines": [], "summary": {"covered_lines": 0, "num_statements": 0, "percent_covered": 100.0, "percent_covered_display": "100", "missing_lines": 0, "excluded_lines": 0, "percent_statements_covered": 100.0, "percent_statements_covered_display": "100"}, "missing_lines": [], "excluded_lines": [], "start_line": 1}}}, "core/rdv/lookups.py": {"executed_lines": [], "summary": {"covered_lines": 0, "num_statements": 48, "percent_covered": 0.0, "percent_covered_display": "0", "missing_lines": 48, "excluded_lines": 0, "percent_statements_covered": 0.0, "percent_statements_covered_display": "0"}, "missing_lines": [18, 20, 21, 22, 24, 26, 31, 32, 33, 34, 35, 36, 39, 40, 41, 42, 43, 44, 45, 50, 56, 57, 60, 62, 63, 66, 68, 69, 72, 74, 79, 85, 86, 89, 91, 92, 95, 100, 101, 104, 106, 107, 110, 115, 116, 121, 122, 123], "excluded_lines": [], "functions": {"_rdv_codes": {"executed_lines": [], "summary": {"covered_lines": 0, "num_statements": 4, "percent_covered": 0.0, "percent_covered_display": "0", "missing_lines": 4, "excluded_lines": 0, "percent_statements_covered": 0.0, "percent_statements_covered_display": "0"}, "missing_lines": [33, 34, 35, 36], "excluded_lines": [], "start_line": 32}, "_rdv_variables": {"executed_lines": [], "summary": {"covered_lines": 0, "num_statements": 5, "percent_covered": 0.0, "percent_covered_display": "0", "missing_lines": 5, "excluded_lines": 0, "percent_statements_covered": 0.0, "percent_statements_covered_display": "0"}, "missing_lines": [41, 42, 43, 44, 45], "excluded_lines": [], "start_line": 40}, "get_rdv_label": {"executed_lines": [], "summary": {"covered_lines": 0, "num_statements": 2, "percent_covered": 0.0, "percent_covered_display": "0", "missing_lines": 2, "excluded_lines": 0, "percent_statements_covered": 0.0, "percent_statements_covered_display": "0"}, "missing_lines": [56, 57], "excluded_lines": [], "start_line": 50}, "get_rdv_description": {"executed_lines": [], "summary": {"covered_lines": 0, "num_statements": 2, "percent_covered": 0.0, "percent_covered_display": "0", "missing_lines": 2, "excluded_lines": 0, "percent_statements_covered": 0.0, "percent_statements_covered_display": "0"}, "missing_lines": [62, 63], "excluded_lines": [], "start_line": 60}, "get_rdv_type": {"executed_lines": [], "summary": {"covered_lines": 0, "num_statements": 2, "percent_covered": 0.0, "percent_covered_display": "0", "missing_lines": 2, "excluded_lines": 0, "percent_statements_covered": 0.0, "percent_statements_covered_display": "0"}, "missing_lines": [68, 69], "excluded_lines": [], "start_line": 66}, "list_rdv_codes": {"executed_lines": [], "summary": {"covered_lines": 0, "num_statements": 1, "percent_covered": 0.0, "percent_covered_display": "0", "missing_lines": 1, "excluded_lines": 0, "percent_statements_covered": 0.0, "percent_statements_covered_display": "0"}, "missing_lines": [74], "excluded_lines": [], "start_line": 72}, "get_variable_label": {"executed_lines": [], "summary": {"covered_lines": 0, "num_statements": 2, "percent_covered": 0.0, "percent_covered_display": "0", "missing_lines": 2, "excluded_lines": 0, "percent_statements_covered": 0.0, "percent_statements_covered_display": "0"}, "missing_lines": [85, 86], "excluded_lines": [], "start_line": 79}, "get_variable_description": {"executed_lines": [], "summary": {"covered_lines": 0, "num_statements": 2, "percent_covered": 0.0, "percent_covered_display": "0", "missing_lines": 2, "excluded_lines": 0, "percent_statements_covered": 0.0, "percent_statements_covered_display": "0"}, "missing_lines": [91, 92], "excluded_lines": [], "start_line": 89}, "get_variable_filter_type": {"executed_lines": [], "summary": {"covered_lines": 0, "num_statements": 2, "percent_covered": 0.0, "percent_covered_display": "0", "missing_lines": 2, "excluded_lines": 0, "percent_statements_covered": 0.0, "percent_statements_covered_display": "0"}, "missing_lines": [100, 101], "excluded_lines": [], "start_line": 95}, "get_variable_input_type": {"executed_lines": [], "summary": {"covered_lines": 0, "num_statements": 2, "percent_covered": 0.0, "percent_covered_display": "0", "missing_lines": 2, "excluded_lines": 0, "percent_statements_covered": 0.0, "percent_statements_covered_display": "0"}, "missing_lines": [106, 107], "excluded_lines": [], "start_line": 104}, "get_rdv_variables": {"executed_lines": [], "summary": {"covered_lines": 0, "num_statements": 2, "percent_covered": 0.0, "percent_covered_display": "0", "missing_lines": 2, "excluded_lines": 0, "percent_statements_covered": 0.0, "percent_statements_covered_display": "0"}, "missing_lines": [115, 116], "excluded_lines": [], "start_line": 110}, "_var_row": {"executed_lines": [], "summary": {"covered_lines": 0, "num_statements": 2, "percent_covered": 0.0, "percent_covered_display": "0", "missing_lines": 2, "excluded_lines": 0, "percent_statements_covered": 0.0, "percent_statements_covered_display": "0"}, "missing_lines": [122, 123], "excluded_lines": [], "start_line": 121}, "": {"executed_lines": [], "summary": {"covered_lines": 0, "num_statements": 20, "percent_covered": 0.0, "percent_covered_display": "0", "missing_lines": 20, "excluded_lines": 0, "percent_statements_covered": 0.0, "percent_statements_covered_display": "0"}, "missing_lines": [18, 20, 21, 22, 24, 26, 31, 32, 39, 40, 50, 60, 66, 72, 79, 89, 95, 104, 110, 121], "excluded_lines": [], "start_line": 1}}, "classes": {"": {"executed_lines": [], "summary": {"covered_lines": 0, "num_statements": 48, "percent_covered": 0.0, "percent_covered_display": "0", "missing_lines": 48, "excluded_lines": 0, "percent_statements_covered": 0.0, "percent_statements_covered_display": "0"}, "missing_lines": [18, 20, 21, 22, 24, 26, 31, 32, 33, 34, 35, 36, 39, 40, 41, 42, 43, 44, 45, 50, 56, 57, 60, 62, 63, 66, 68, 69, 72, 74, 79, 85, 86, 89, 91, 92, 95, 100, 101, 104, 106, 107, 110, 115, 116, 121, 122, 123], "excluded_lines": [], "start_line": 1}}}, "core/report/__init__.py": {"executed_lines": [], "summary": {"covered_lines": 0, "num_statements": 0, "percent_covered": 100.0, "percent_covered_display": "100", "missing_lines": 0, "excluded_lines": 0, "percent_statements_covered": 100.0, "percent_statements_covered_display": "100"}, "missing_lines": [], "excluded_lines": [], "functions": {"": {"executed_lines": [], "summary": {"covered_lines": 0, "num_statements": 0, "percent_covered": 100.0, "percent_covered_display": "100", "missing_lines": 0, "excluded_lines": 0, "percent_statements_covered": 100.0, "percent_statements_covered_display": "100"}, "missing_lines": [], "excluded_lines": [], "start_line": 1}}, "classes": {"": {"executed_lines": [], "summary": {"covered_lines": 0, "num_statements": 0, "percent_covered": 100.0, "percent_covered_display": "100", "missing_lines": 0, "excluded_lines": 0, "percent_statements_covered": 100.0, "percent_statements_covered_display": "100"}, "missing_lines": [], "excluded_lines": [], "start_line": 1}}}, "core/report/formatting.py": {"executed_lines": [], "summary": {"covered_lines": 0, "num_statements": 70, "percent_covered": 0.0, "percent_covered_display": "0", "missing_lines": 70, "excluded_lines": 0, "percent_statements_covered": 0.0, "percent_statements_covered_display": "0"}, "missing_lines": [20, 22, 23, 24, 25, 26, 28, 30, 31, 36, 48, 49, 50, 52, 54, 55, 56, 57, 58, 59, 60, 62, 63, 64, 65, 66, 67, 68, 69, 70, 71, 73, 74, 81, 82, 84, 89, 94, 98, 103, 110, 111, 112, 115, 116, 118, 119, 120, 121, 122, 124, 130, 135, 146, 147, 148, 149, 150, 151, 152, 154, 155, 156, 158, 164, 169, 171, 172, 173, 174], "excluded_lines": [], "functions": {"report_patient_info_table": {"executed_lines": [], "summary": {"covered_lines": 0, "num_statements": 11, "percent_covered": 0.0, "percent_covered_display": "0", "missing_lines": 11, "excluded_lines": 0, "percent_statements_covered": 0.0, "percent_statements_covered_display": "0"}, "missing_lines": [48, 49, 50, 52, 54, 62, 73, 74, 81, 82, 84], "excluded_lines": [], "start_line": 36}, "report_patient_info_table._fmt_date": {"executed_lines": [], "summary": {"covered_lines": 0, "num_statements": 6, "percent_covered": 0.0, "percent_covered_display": "0", "missing_lines": 6, "excluded_lines": 0, "percent_statements_covered": 0.0, "percent_statements_covered_display": "0"}, "missing_lines": [55, 56, 57, 58, 59, 60], "excluded_lines": [], "start_line": 54}, "report_patient_info_table._age": {"executed_lines": [], "summary": {"covered_lines": 0, "num_statements": 9, "percent_covered": 0.0, "percent_covered_display": "0", "missing_lines": 9, "excluded_lines": 0, "percent_statements_covered": 0.0, "percent_statements_covered_display": "0"}, "missing_lines": [63, 64, 65, 66, 67, 68, 69, 70, 71], "excluded_lines": [], "start_line": 62}, "report_cohort_info_table": {"executed_lines": [], "summary": {"covered_lines": 0, "num_statements": 2, "percent_covered": 0.0, "percent_covered_display": "0", "missing_lines": 2, "excluded_lines": 0, "percent_statements_covered": 0.0, "percent_statements_covered_display": "0"}, "missing_lines": [94, 98], "excluded_lines": [], "start_line": 89}, "report_analysis_info_table": {"executed_lines": [], "summary": {"covered_lines": 0, "num_statements": 12, "percent_covered": 0.0, "percent_covered_display": "0", "missing_lines": 12, "excluded_lines": 0, "percent_statements_covered": 0.0, "percent_statements_covered_display": "0"}, "missing_lines": [110, 111, 112, 115, 116, 118, 119, 120, 121, 122, 124, 130], "excluded_lines": [], "start_line": 103}, "report_dataset_info_table": {"executed_lines": [], "summary": {"covered_lines": 0, "num_statements": 6, "percent_covered": 0.0, "percent_covered_display": "0", "missing_lines": 6, "excluded_lines": 0, "percent_statements_covered": 0.0, "percent_statements_covered_display": "0"}, "missing_lines": [146, 154, 155, 156, 158, 164], "excluded_lines": [], "start_line": 135}, "report_dataset_info_table._fmt": {"executed_lines": [], "summary": {"covered_lines": 0, "num_statements": 6, "percent_covered": 0.0, "percent_covered_display": "0", "missing_lines": 6, "excluded_lines": 0, "percent_statements_covered": 0.0, "percent_statements_covered_display": "0"}, "missing_lines": [147, 148, 149, 150, 151, 152], "excluded_lines": [], "start_line": 146}, "_get_username": {"executed_lines": [], "summary": {"covered_lines": 0, "num_statements": 4, "percent_covered": 0.0, "percent_covered_display": "0", "missing_lines": 4, "excluded_lines": 0, "percent_statements_covered": 0.0, "percent_statements_covered_display": "0"}, "missing_lines": [171, 172, 173, 174], "excluded_lines": [], "start_line": 169}, "": {"executed_lines": [], "summary": {"covered_lines": 0, "num_statements": 14, "percent_covered": 0.0, "percent_covered_display": "0", "missing_lines": 14, "excluded_lines": 0, "percent_statements_covered": 0.0, "percent_statements_covered_display": "0"}, "missing_lines": [20, 22, 23, 24, 25, 26, 28, 30, 31, 36, 89, 103, 135, 169], "excluded_lines": [], "start_line": 1}}, "classes": {"": {"executed_lines": [], "summary": {"covered_lines": 0, "num_statements": 70, "percent_covered": 0.0, "percent_covered_display": "0", "missing_lines": 70, "excluded_lines": 0, "percent_statements_covered": 0.0, "percent_statements_covered_display": "0"}, "missing_lines": [20, 22, 23, 24, 25, 26, 28, 30, 31, 36, 48, 49, 50, 52, 54, 55, 56, 57, 58, 59, 60, 62, 63, 64, 65, 66, 67, 68, 69, 70, 71, 73, 74, 81, 82, 84, 89, 94, 98, 103, 110, 111, 112, 115, 116, 118, 119, 120, 121, 122, 124, 130, 135, 146, 147, 148, 149, 150, 151, 152, 154, 155, 156, 158, 164, 169, 171, 172, 173, 174], "excluded_lines": [], "start_line": 1}}}, "core/utils/__init__.py": {"executed_lines": [], "summary": {"covered_lines": 0, "num_statements": 0, "percent_covered": 100.0, "percent_covered_display": "100", "missing_lines": 0, "excluded_lines": 0, "percent_statements_covered": 100.0, "percent_statements_covered_display": "100"}, "missing_lines": [], "excluded_lines": [], "functions": {"": {"executed_lines": [], "summary": {"covered_lines": 0, "num_statements": 0, "percent_covered": 100.0, "percent_covered_display": "100", "missing_lines": 0, "excluded_lines": 0, "percent_statements_covered": 100.0, "percent_statements_covered_display": "100"}, "missing_lines": [], "excluded_lines": [], "start_line": 1}}, "classes": {"": {"executed_lines": [], "summary": {"covered_lines": 0, "num_statements": 0, "percent_covered": 100.0, "percent_covered_display": "100", "missing_lines": 0, "excluded_lines": 0, "percent_statements_covered": 100.0, "percent_statements_covered_display": "100"}, "missing_lines": [], "excluded_lines": [], "start_line": 1}}}, "core/utils/logger.py": {"executed_lines": [], "summary": {"covered_lines": 0, "num_statements": 24, "percent_covered": 0.0, "percent_covered_display": "0", "missing_lines": 24, "excluded_lines": 0, "percent_statements_covered": 0.0, "percent_statements_covered_display": "0"}, "missing_lines": [14, 16, 17, 18, 21, 26, 35, 40, 43, 48, 49, 50, 51, 52, 53, 54, 55, 56, 57, 58, 59, 60, 61, 62], "excluded_lines": [], "functions": {"get_system_info": {"executed_lines": [], "summary": {"covered_lines": 0, "num_statements": 1, "percent_covered": 0.0, "percent_covered_display": "0", "missing_lines": 1, "excluded_lines": 0, "percent_statements_covered": 0.0, "percent_statements_covered_display": "0"}, "missing_lines": [26], "excluded_lines": [], "start_line": 21}, "get_env_info": {"executed_lines": [], "summary": {"covered_lines": 0, "num_statements": 1, "percent_covered": 0.0, "percent_covered_display": "0", "missing_lines": 1, "excluded_lines": 0, "percent_statements_covered": 0.0, "percent_statements_covered_display": "0"}, "missing_lines": [40], "excluded_lines": [], "start_line": 35}, "get_packages_info": {"executed_lines": [], "summary": {"covered_lines": 0, "num_statements": 15, "percent_covered": 0.0, "percent_covered_display": "0", "missing_lines": 15, "excluded_lines": 0, "percent_statements_covered": 0.0, "percent_statements_covered_display": "0"}, "missing_lines": [48, 49, 50, 51, 52, 53, 54, 55, 56, 57, 58, 59, 60, 61, 62], "excluded_lines": [], "start_line": 43}, "": {"executed_lines": [], "summary": {"covered_lines": 0, "num_statements": 7, "percent_covered": 0.0, "percent_covered_display": "0", "missing_lines": 7, "excluded_lines": 0, "percent_statements_covered": 0.0, "percent_statements_covered_display": "0"}, "missing_lines": [14, 16, 17, 18, 21, 35, 43], "excluded_lines": [], "start_line": 1}}, "classes": {"": {"executed_lines": [], "summary": {"covered_lines": 0, "num_statements": 24, "percent_covered": 0.0, "percent_covered_display": "0", "missing_lines": 24, "excluded_lines": 0, "percent_statements_covered": 0.0, "percent_statements_covered_display": "0"}, "missing_lines": [14, 16, 17, 18, 21, 26, 35, 40, 43, 48, 49, 50, 51, 52, 53, 54, 55, 56, 57, 58, 59, 60, 61, 62], "excluded_lines": [], "start_line": 1}}}}, "totals": {"covered_lines": 372, "num_statements": 1061, "percent_covered": 35.061262959472195, "percent_covered_display": "35", "missing_lines": 689, "excluded_lines": 0, "percent_statements_covered": 35.061262959472195, "percent_statements_covered_display": "35"}}